<?xml version="1.0" encoding="UTF-8"?>
<!-- Generated by org.testng.reporters.JUnitXMLReporter -->
<testsuite ignored="0" hostname="LAPTOP-JO5RSEIK" failures="0" tests="3" name="Default test" time="2.265" errors="0" timestamp="2023-12-27T00:09:10 EET">
  <testcase classname="tests.TestBase" name="navigteToPetro" time="1.052"/>
  <testcase classname="tests.searchTest" name="fillForm" time="1.108"/>
  <testcase classname="tests.searchTest" name="validateTableData" time="0.064"/>
</testsuite> <!-- Default test -->
