<?xml version="1.0" encoding="UTF-8"?>
<testng-results ignored="0" total="3" passed="3" failed="0" skipped="0">
  <reporter-output>
  </reporter-output>
  <suite started-at="2023-12-27T00:09:08 EET" name="Default suite" finished-at="2023-12-27T00:09:10 EET" duration-ms="2265">
    <groups>
    </groups>
    <test started-at="2023-12-27T00:09:08 EET" name="Default test" finished-at="2023-12-27T00:09:10 EET" duration-ms="2265">
      <class name="tests.searchTest">
        <test-method is-config="true" signature="startDriver()[pri:0, instance:tests.searchTest@4fb0f2b9]" started-at="2023-12-27T00:09:06 EET" name="startDriver" finished-at="2023-12-27T00:09:08 EET" duration-ms="1234" status="PASS">
          <reporter-output>
          </reporter-output>
        </test-method> <!-- startDriver -->
        <test-method is-config="true" signature="intializeObjets()[pri:0, instance:tests.searchTest@4fb0f2b9]" started-at="2023-12-27T00:09:08 EET" name="intializeObjets" finished-at="2023-12-27T00:09:08 EET" duration-ms="20" status="PASS">
          <reporter-output>
          </reporter-output>
        </test-method> <!-- intializeObjets -->
        <test-method signature="navigteToPetro()[pri:0, instance:tests.searchTest@4fb0f2b9]" started-at="2023-12-27T00:09:08 EET" name="navigteToPetro" finished-at="2023-12-27T00:09:09 EET" duration-ms="1052" status="PASS">
          <reporter-output>
          </reporter-output>
        </test-method> <!-- navigteToPetro -->
        <test-method signature="fillForm()[pri:1, instance:tests.searchTest@4fb0f2b9]" started-at="2023-12-27T00:09:09 EET" name="fillForm" finished-at="2023-12-27T00:09:10 EET" duration-ms="1108" status="PASS">
          <reporter-output>
          </reporter-output>
        </test-method> <!-- fillForm -->
        <test-method signature="validateTableData()[pri:2, instance:tests.searchTest@4fb0f2b9]" started-at="2023-12-27T00:09:10 EET" name="validateTableData" finished-at="2023-12-27T00:09:10 EET" duration-ms="64" status="PASS">
          <reporter-output>
          </reporter-output>
        </test-method> <!-- validateTableData -->
      </class> <!-- tests.searchTest -->
    </test> <!-- Default test -->
  </suite> <!-- Default suite -->
</testng-results>
